XAS99 CROSS-ASSEMBLER   VERSION 1.5.3
**** **** ****     > boot99105.asm
0001               * Erik Piehl (C) 2016 October
0002               * boot99105.asm
0003               *
0004               * This is a test program intended to test various pieces of
0005               * functionality of the EP994A.
0006               *
0007               * Compile with: xas99.py -b -R -L list.lst boot99105.asm
0008               * Load with:  ../memloader/memloader 0 boot99105_0000.bin
0009               *
0010               
0011                      IDT  'BOOT99'
0012               
0013      8300     WRKSP   EQU   >8300
0014      8320     PRINTWS EQU   >8320
0015      8322     PRTR1P	EQU	  >8322		; Input for PRINTR1
0016      8340     DELAYWS EQU		>8340
0017      A040     TMPBUF  EQU   >A040
0018      A000     INTWS   EQU   >A000   ; interrupt workspace
0019               
0020      B000     OUTP  EQU   >B000
0021      8800     VDPRD  EQU  >8800
0022      8802     VDPST  EQU  >8802
0023      8C00     VDPWD  EQU  >8C00             * VDP write data
0024      8C02     VDPWA  EQU  >8C02             * VDP set read/write address
0025               
0026               *---------------------------------------------
0027               * Macro: printString <arg>
0028               * (would be xop <arg>,14 for the TMS9995 BB)
0029               *---------------------------------------------
0034               
0035               *---------------------------------------------
0036               * Macro: printNumber <arg>
0037               * (would be xop <arg>,10 for the TMS9995 BB)
0038               *---------------------------------------------
0043               
0044               *---------------------------------------------
0045               * Macro: printCrLf
0046               *---------------------------------------------
0051               
0052               
0053               *---------------------------------------------
0054               * Macro: printChar <arg>
0055               * (would be xop <arg>,12 for the TMS9995 BB)
0056               *---------------------------------------------
0061               
0062               
0063               ;       AORG  0
0064 0000 8300            DATA WRKSP,BOOT
     0002 0046r
0065 0004 A000            DATA INTWS,VDPINT
     0006 0020r
0066 0008 A000            DATA INTWS,VDPINT
     000A 0020r
0067               
0068 000C 8320     PRINTS	DATA	PRINTWS,GOPRINT
     000E 046Ar
0069 0010 8320     PRINTR1	DATA	PRINTWS,GOPR1
     0012 0458r
0070 0014 8320     PRINTCH DATA	PRINTWS,GOPRCHAR
     0016 049Cr
0071 0018 8320     CLS     DATA  PRINTWS,GOCLS
     001A 04ACr
0072               
0073 001C 8340     NICEDELAY DATA	DELAYWS,GODELAY
     001E 04DAr
0074               
0075               ; Our interrupt routine
0076               VDPINT
0077 0020 0300  24         LIMI    0
     0022 0000 
0078 0024 0580  14         INC     R0          ; R0 counts interrupts
0079 0026 04CC  14         CLR     R12
0080 0028 3402  64         STCR    R2,0        ; See the TMS9901 register, low 16 bits
0081 002A 1F02  20         TB      2
0082 002C 1603  14         JNE     !ok
0083 002E 0203  20         LI      R3,>FFFF    ; error
     0030 FFFF 
0084 0032 1002  14         JMP     !
0085               !ok
0086 0034 0203  20         LI      R3,>1234    ; OK
     0036 1234 
0087               !
0088 0038 D060  34         MOVB    @VDPST,R1   ; clear the VDP interrupt request
     003A 8802 
0089 003C 0205  20         LI      R5,>100
     003E 0100 
0090 0040 B805  38         AB      R5,@>8379   ; Increment frame counter in scratchpad
     0042 8379 
0091 0044 0380  18         RTWP
0092               
0093               
0094               BOOT
0095 0046 0300  24       LIMI  0
     0048 0000 
0096               ; BOOTLP
0097               ;      JMP   BOOTLP
0098               ;      NOP
0099               ;      NOP
0100               ;      JMP   BOOTLP
0101               
0102 004A 02E0  18       LWPI  WRKSP
     004C 8300 
0103 004E 04E0  34       CLR   @INTWS      ; Zero INTWS.R0, the interrupt counter.
     0050 A000 
0104               
0105 0052 D803  38       MOVB  R3,@VDPWD   ; Dummy write to data, to reset latch
     0054 8C00 
0106               ; Write initial values to VDP registers
0107 0056 0201  20       LI    R1,VDPSEQ
     0058 051Cr
0108 005A 0202  20       LI    R2,>8000    ; command, write register 0
     005C 8000 
0109               VLP
0110 005E D831  48       MOVB  *R1+,@VDPWA ; write data
     0060 8C02 
0111 0062 D802  38       MOVB  R2,@VDPWA   ; write register number
     0064 8C02 
0112 0066 0222  22       AI    R2,>0100    ; next register
     0068 0100 
0113 006A 0282  22       CI    R2,>8800
     006C 8800 
0114 006E 16F7  14       JNE   VLP
0115               
0116               ; Clear VDP RAM
0117 0070 04C0  14       CLR   R0
0118 0072 0201  20       LI    R1,>4000
     0074 4000 
0119 0076 06C1  14       SWPB  R1
0120 0078 D801  38       MOVB  R1,@VDPWA   ; Address to zero
     007A 8C02 
0121 007C 06C1  14       SWPB  R1
0122 007E D801  38       MOVB  R1,@VDPWA
     0080 8C02 
0123               !
0124 0082 D800  38       MOVB  R0,@VDPWD
     0084 8C00 
0125 0086 0601  14       DEC   R1
0126 0088 16FC  14       JNE   -!
0127               
0128 008A 06A0  32       BL    @COPYFONTS
     008C 03F2r
0129               
0130               ; Initialize color table with >17 times 32
0131 008E 0200  20       LI    R0,>0380    ; address of color table
     0090 0380 
0132 0092 06A0  32       BL		@SETUPVDPA
     0094 038Ar
0133 0096 0201  20       LI    R1,32
     0098 0020 
0134 009A 0202  20       LI    R2,>1700
     009C 1700 
0135               !
0136 009E D802  38       MOVB  R2,@VDPWD
     00A0 8C00 
0137 00A2 0601  14       DEC   R1
0138 00A4 16FC  14       JNE   -!
0139               
0140 00A6 1028  14       JMP		GROM1
0141               
0142 00A8 04E0  34       CLR   @PRINTWS    ; Initial display position
     00AA 8320 
0143 00AC 04C1  14       CLR   R1
0144 00AE 0202  20       LI    R2,>1234
     00B0 1234 
0145 00B2 0203  20       LI    R3,>FFFF
     00B4 FFFF 
0146 00B6 0204  20       LI    R4,>2000
     00B8 2000 
0147 00BA 0205  20       LI    R5,20
     00BC 0014 
0148 00BE 0206  20       LI    R6,>DEF0
     00C0 DEF0 
0149 00C2 0207  20       LI    R7,'3'*256
     00C4 3300 
0150               LINES1
0001 00C6 C801  38 			MOV		R1,@PRTR1P		; Store HEX value to print
     00C8 8322 
0002 00CA 0420  54 			BLWP	@PRINTR1			; Go print R1
     00CC 0010r
0001 00CE D804  38 			MOVB	R4,@PRTR1P
     00D0 8322 
0002 00D2 0420  54 			BLWP	@PRINTCH
     00D4 0014r
0153                     ; LI    R6,24
0154 00D6 C181  18       MOV     R1,R6
0155 00D8 0586  14       INC     R6
0156               !
0001 00DA D807  38 			MOVB	R7,@PRTR1P
     00DC 8322 
0002 00DE 0420  54 			BLWP	@PRINTCH
     00E0 0014r
0158 00E2 0606  14       DEC   R6
0159 00E4 16FA  14       JNE   -!
0001 00E6 0420  54 	    BLWP	@PRINTS
     00E8 000Cr
0002 00EA 0524r      	  DATA	TXTCRLF
0161 00EC 0581  14       INC    R1
0162 00EE 0241  22       ANDI   R1,>1F
     00F0 001F 
0163 00F2 0281  22       CI     R1,24
     00F4 0018 
0164 00F6 16E7  14       JNE    LINES1
0165               
0166               
0167               GROM1
0168               ; Test GROM address counter read and write
0169 00F8 0200  20       LI    R0,>40
     00FA 0040 
0170 00FC C800  38       MOV   R0,@PRINTWS
     00FE 8320 
0171 0100 0200  20 			LI		R0,>1234						; write GROM address
     0102 1234 
0172 0104 0209  20       LI    R9,3
     0106 0003 
0173               !gromloop
0001 0108 0420  54 			BLWP	@PRINTS
     010A 000Cr
0002 010C 1912r    			DATA	GROMTESTS
0175 010E D800  38 			MOVB	R0,@>9C02
     0110 9C02 
0176 0112 06C0  14 			SWPB	R0
0177 0114 D800  38 			MOVB	R0,@>9C02
     0116 9C02 
0178 0118 06C0  14       SWPB  R0
0179               ; read two bytes GROM
0180 011A 04C1  14       CLR   R1
0181 011C D060  34       MOVB  @>9800,R1
     011E 9800 
0182 0120 D0A0  34       MOVB  @>9800,R2
     0122 9800 
0183 0124 0982  56       SRL   R2,8
0184 0126 E042  18       SOC   R2,R1
0001 0128 C801  38 			MOV		R1,@PRTR1P		; Store HEX value to print
     012A 8322 
0002 012C 0420  54 			BLWP	@PRINTR1			; Go print R1
     012E 0010r
0186               ; and read two more bytes GROM
0187 0130 04C1  14       CLR   R1
0188 0132 D060  34       MOVB  @>9800,R1
     0134 9800 
0189 0136 D0A0  34       MOVB  @>9800,R2
     0138 9800 
0190 013A 0982  56       SRL   R2,8
0191 013C E042  18       SOC   R2,R1
0001 013E C801  38 			MOV		R1,@PRTR1P		; Store HEX value to print
     0140 8322 
0002 0142 0420  54 			BLWP	@PRINTR1			; Go print R1
     0144 0010r
0193               ; Now read GROM address and display it
0194 0146 04C1  14       CLR   R1
0195 0148 D060  34       MOVB  @>9802,R1
     014A 9802 
0196 014C D0A0  34       MOVB  @>9802,R2
     014E 9802 
0197 0150 0982  56       SRL   R2,8
0198 0152 E042  18       SOC   R2,R1
0001 0154 C801  38 			MOV		R1,@PRTR1P		; Store HEX value to print
     0156 8322 
0002 0158 0420  54 			BLWP	@PRINTR1			; Go print R1
     015A 0010r
0200 015C 0220  22       AI    R0,>2000    ; next GROM
     015E 2000 
0201 0160 0609  14       DEC   R9
0202 0162 16D2  14       JNE   -!gromloop
0203               ; Try to read keyboard button '1', but first enable VDP interrupts
0204 0164 04CC  14       CLR   R12         ; CRU pointer
0205 0166 1E00  20       SBZ   0           ; Make sure we are not in timer mode
0206 0168 1D02  20       SBO   2           ; Enable VDP interrupts
0207 016A 0300  24       LIMI  2           ; Enable interrupts
     016C 0002 
0208               
0209 016E 0203  20       LI    R3,1000
     0170 03E8 
0210 0172 04C0  14 !k    CLR   R0
0211 0174 C800  38       MOV   R0,@PRINTWS
     0176 8320 
0212               !
0213 0178 020C  20       LI    R12,>24
     017A 0024 
0214 017C 30C0  56       LDCR  R0,3
0215 017E 020C  20       LI    R12,6        ; Address to read rows
     0180 0006 
0216 0182 3601  64       STCR  R1,8
0001 0184 C801  38 			MOV		R1,@PRTR1P		; Store HEX value to print
     0186 8322 
0002 0188 0420  54 			BLWP	@PRINTR1			; Go print R1
     018A 0010r
0001 018C 0420  54 	    BLWP	@PRINTS
     018E 000Cr
0002 0190 0524r      	  DATA	TXTCRLF
0219 0192 0220  22       AI    R0,>100
     0194 0100 
0220 0196 0280  22       CI    R0,>600
     0198 0600 
0221 019A 16EE  14       JNE   -!
0222 019C C060  34       MOV   @INTWS,R1   ; Interrupt counter
     019E A000 
0001 01A0 C801  38 			MOV		R1,@PRTR1P		; Store HEX value to print
     01A2 8322 
0002 01A4 0420  54 			BLWP	@PRINTR1			; Go print R1
     01A6 0010r
0001 01A8 0420  54 	    BLWP	@PRINTS
     01AA 000Cr
0002 01AC 0524r      	  DATA	TXTCRLF
0001 01AE 0420  54 			BLWP	@PRINTS
     01B0 000Cr
0002 01B2 1905r    			DATA	CRU0STR
0226 01B4 C060  34       MOV   @INTWS+4,R1 ; read reg 2 from interrupt context (CRU bits)
     01B6 A004 
0001 01B8 C801  38 			MOV		R1,@PRTR1P		; Store HEX value to print
     01BA 8322 
0002 01BC 0420  54 			BLWP	@PRINTR1			; Go print R1
     01BE 0010r
0001 01C0 0420  54 	    BLWP	@PRINTS
     01C2 000Cr
0002 01C4 0524r      	  DATA	TXTCRLF
0229 01C6 C060  34       MOV   @INTWS+6,R1 ; Also show reg 3
     01C8 A006 
0001 01CA C801  38 			MOV		R1,@PRTR1P		; Store HEX value to print
     01CC 8322 
0002 01CE 0420  54 			BLWP	@PRINTR1			; Go print R1
     01D0 0010r
0001 01D2 0420  54 	    BLWP	@PRINTS
     01D4 000Cr
0002 01D6 0524r      	  DATA	TXTCRLF
0232 01D8 04CC  14       CLR   R12
0233 01DA 3401  64       STCR  R1,0       ; Read 16 bits (count of 0 means 16)
0001 01DC C801  38 			MOV		R1,@PRTR1P		; Store HEX value to print
     01DE 8322 
0002 01E0 0420  54 			BLWP	@PRINTR1			; Go print R1
     01E2 0010r
0001 01E4 0420  54 	    BLWP	@PRINTS
     01E6 000Cr
0002 01E8 0524r      	  DATA	TXTCRLF
0236 01EA 0603  14       DEC   R3
0237 01EC 16C2  14       JNE   -!k
0238               
0239               ; Check if we have defender loaded. If we have let's go!
0240 01EE C060  34       MOV   @>6000,R1
     01F0 6000 
0241 01F2 0281  22       CI     R1,>AA01
     01F4 AA01 
0242 01F6 1607  14       JNE   !
0243 01F8 C060  34       MOV   @>600E,R1
     01FA 600E 
0244 01FC 0281  22       CI    R1,>6072
     01FE 6072 
0245 0200 1602  14       JNE   !
0246 0202 0460  28       B     @>6072
     0204 6072 
0247               !
0248               
0249               ;;			BLWP	@NICEDELAY
0250               ; Do test of GROM memory. Calculate GROM checksums
0251               GROMCHECK
0252               ;;			BLWP	@CLS
0253               ;;			CLR		R0
0254               ;;			MOV		R0,@PRINTWS
0001 0206 0420  54 			BLWP	@PRINTS
     0208 000Cr
0002 020A 18EFr    			DATA	GTT
0256               
0257               ; Start of checksum loop
0258 020C 0204  20 			LI		R4,3					; Iteration counter
     020E 0003 
0259               !gr3
0260 0210 04C0  14 			CLR		R0
0261               !gr2
0262 0212 D800  38 			MOVB	R0,@>9C02				; Setup GROM address to zero
     0214 9C02 
0263 0216 06C0  14 			SWPB	R0
0264 0218 D800  38 			MOVB	R0,@>9C02
     021A 9C02 
0265 021C 06C0  14       SWPB  R0
0001 021E C800  38 			MOV		R0,@PRTR1P		; Store HEX value to print
     0220 8322 
0002 0222 0420  54 			BLWP	@PRINTR1			; Go print R1
     0224 0010r
0267               
0268 0226 04C1  14       CLR		R1						; init checksum
0269 0228 0202  20       LI		R2,>1800
     022A 1800 
0270               !grr
0271 022C 04C3  14       CLR		R3
0272 022E D0E0  34       MOVB	@>9800,R3			; get byte
     0230 9800 
0273 0232 0B11  56       SRC		R1,1
0274 0234 A043  18 			A			R3,R1
0275 0236 0602  14 			DEC		R2
0276 0238 16F9  14 			JNE		-!grr
0001 023A C801  38 			MOV		R1,@PRTR1P		; Store HEX value to print
     023C 8322 
0002 023E 0420  54 			BLWP	@PRINTR1			; Go print R1
     0240 0010r
0278               			; Get address and print it
0279 0242 04C1  14       CLR   R1
0280 0244 D060  34       MOVB  @>9802,R1
     0246 9802 
0281 0248 D0A0  34       MOVB  @>9802,R2
     024A 9802 
0282 024C 0982  56       SRL   R2,8
0283 024E E042  18       SOC   R2,R1
0001 0250 C801  38 			MOV		R1,@PRTR1P		; Store HEX value to print
     0252 8322 
0002 0254 0420  54 			BLWP	@PRINTR1			; Go print R1
     0256 0010r
0001 0258 0420  54 	    BLWP	@PRINTS
     025A 000Cr
0002 025C 0524r      	  DATA	TXTCRLF
0286               
0287 025E 0220  22 			AI		R0,>2000
     0260 2000 
0288 0262 0280  22 			CI		R0,>6000
     0264 6000 
0289 0266 16D5  14 			JNE		-!gr2
0290               
0291 0268 0604  14 			DEC		R4
0292 026A 16D2  14 			JNE		-!gr3				; next iteration
0293               
0294 026C 0420  54 			BLWP	@NICEDELAY
     026E 001Cr
0295               
0296               
0297 0270 102C  14       JMP   MAINSTART
0298               
0299               NOCLEAR
0300               ; Write fonts
0301 0272 0202  20       LI    R2,CHARS
     0274 04FCr
0302 0276 0201  20       LI    R1,ENDCHARS-CHARS ; count
     0278 0020 
0303 027A 0203  20       LI    R3,>4300    ; address 300
     027C 4300 
0304 027E 06C3  14       SWPB  R3
0305 0280 D803  38       MOVB  R3,@VDPWA   ; low byte of address
     0282 8C02 
0306 0284 06C3  14       SWPB  R3
0307 0286 D803  38       MOVB  R3,@VDPWA   ; high byte of address
     0288 8C02 
0308               
0309 028A D832  48 !     MOVB  *R2+,@VDPWD
     028C 8C00 
0310 028E 0601  14       DEC   R1
0311 0290 16FC  14       JNE   -!
0312               
0313               TESTCHARS
0314               ; write a few characters
0315 0292 0203  20       LI    R3,>4000    ; address 0
     0294 4000 
0316 0296 06C3  14       SWPB  R3
0317 0298 D803  38       MOVB  R3,@VDPWA   ; low byte of address
     029A 8C02 
0318 029C 06C3  14       SWPB  R3
0319 029E D803  38       MOVB  R3,@VDPWA   ; high byte of address
     02A0 8C02 
0320               
0321 02A2 0205  20       LI    R5,>80
     02A4 0080 
0322               LPLP
0323 02A6 0200  20       LI    R0,>2021    ; >6061
     02A8 2021 
0324 02AA D800  38       MOVB  R0,@VDPWD
     02AC 8C00 
0325 02AE 06C0  14       SWPB  R0
0326 02B0 D800  38       MOVB  R0,@VDPWD
     02B2 8C00 
0327 02B4 06C0  14       SWPB  R0
0328 02B6 0200  20       LI    R0,>3031     ;>6263
     02B8 3031 
0329 02BA D800  38       MOVB  R0,@VDPWD
     02BC 8C00 
0330 02BE 06C0  14       SWPB  R0
0331 02C0 D800  38       MOVB  R0,@VDPWD
     02C2 8C00 
0332 02C4 06C0  14       SWPB  R0
0333 02C6 0605  14       DEC   R5
0334 02C8 16EE  14       JNE   LPLP
0335               
0336               
0337               MAINSTART
0338 02CA 0201  20       LI    R1,OUTP
     02CC B000 
0339 02CE 0200  20       LI    R0,>100
     02D0 0100 
0340 02D2 0203  20       LI    R3,20
     02D4 0014 
0341               
0342               MAINLOOP
0343 02D6 D440  30       MOVB  R0,*R1
0344 02D8 0A10  56       SLA   R0,1
0345 02DA 1602  14       JNE   !
0346 02DC 0200  20       LI    R0,>100
     02DE 0100 
0347 02E0 04C2  14 !     CLR   R2
0348               !delay
0349 02E2 0602  14       DEC   R2
0350 02E4 16FE  14       JNE   -!delay
0351 02E6 0603  14       DEC   R3
0352 02E8 16F6  14       JNE   MAINLOOP
0353               ; Copy the dump to VDP memory
0354 02EA 0200  20       LI    R0,0
     02EC 0000 
0355 02EE 06A0  32       BL    @SETUPVDPA
     02F0 038Ar
0356 02F2 0201  20       LI    R1,VDPDUMP
     02F4 0DC0r
0357 02F6 0202  20       LI    R2,DUMPEND-VDPDUMP
     02F8 0B10 
0358               VCOPYLP
0359 02FA D831  48       MOVB  *R1+,@VDPWD
     02FC 8C00 
0360 02FE D831  48       MOVB  *R1+,@VDPWD
     0300 8C00 
0361 0302 0642  14       DECT  R2
0362 0304 16FA  14       JNE   VCOPYLP
0363               
0364               ; Now delay loop
0365 0306 0201  20       LI    R1,10
     0308 000A 
0366 030A 0602  14 !     DEC   R2
0367 030C 16FE  14       JNE   -!
0368 030E 0601  14       DEC   R1
0369 0310 16FC  14       JNE   -!
0370               ; Make a small animation
0371 0312 0204  20       LI    R4,VDPDUMP+768-32 ; -32 for message
     0314 10A0r
0372 0316 0205  20       LI    R5,0            ; Scroll offset
     0318 0000 
0373 031A 0206  20       LI    R6,0
     031C 0000 
0374 031E 0208  20       LI    R8,32
     0320 0020 
0375 0322 C081  18       MOV   R1,R2
0376               
0377 0324 0209  20       LI    R9,10000         ; our delay
     0326 2710 
0378               
0379               !again
0380 0328 0201  20       LI    R1,VDPDUMP
     032A 0DC0r
0381 032C 04C0  14       CLR   R0
0382 032E 06A0  32       BL    @SETUPVDPA
     0330 038Ar
0383               ; Animate 1 row
0384               !row
0385 0332 C1C6  18       MOV   R6,R7
0386 0334 A1C5  18       A     R5,R7
0387 0336 0247  22       ANDI  R7,>1F
     0338 001F 
0388 033A A1C1  18       A     R1,R7
0389 033C D817  46       MOVB  *R7,@VDPWD
     033E 8C00 
0390 0340 0586  14       INC   R6          ; R6 counts our columns
0391 0342 8206  18       C     R6,R8
0392 0344 16F6  14       JNE   -!row
0393 0346 04C6  14       CLR   R6
0394 0348 0221  22       AI    R1,32
     034A 0020 
0395 034C 8101  18       C     R1,R4
0396 034E 16F1  14       JNE   -!row
0397               ; Increment our offset
0398 0350 0585  14       INC   R5
0399 0352 0245  22       ANDI  R5,31
     0354 001F 
0400               ; Make our small delay
0401 0356 0289  22       CI    R9,0
     0358 0000 
0402 035A 13E6  14       JEQ   -!again   ; if delay is zero, no more printing
0403               
0404 035C C1C9  18       MOV   R9,R7
0405 035E 0607  14 !del  DEC   R7
0406 0360 16FE  14       JNE   -!del
0407               
0408               ; decrement delay
0409 0362 0229  22       AI    R9,-10
     0364 FFF6 
0410               ; Display a message from our sponsor
0411 0366 0200  20       LI    R0,23*32
     0368 02E0 
0412 036A C800  38       MOV   R0,@PRINTWS
     036C 8320 
0001 036E 0420  54 			BLWP	@PRINTS
     0370 000Cr
0002 0372 18D0r    			DATA	TMS99105
0001 0374 C809  38 			MOV		R9,@PRTR1P		; Store HEX value to print
     0376 8322 
0002 0378 0420  54 			BLWP	@PRINTR1			; Go print R1
     037A 0010r
0001 037C 0420  54 			BLWP	@PRINTS
     037E 000Cr
0002 0380 18ECr    			DATA	SPACES
0416               ; Proceed to second row directly
0417 0382 0221  22       AI    R1,32
     0384 0020 
0418               
0419               
0420 0386 10D0  14       JMP   -!again
0421               
0422               
0423               
0424               
0425 0388 10A0  14       JMP   MAINSTART
0426               
0427               *---------------------------------------------
0428               * Set VDP address from R0
0429               *---------------------------------------------
0430               SETUPVDPA
0431 038A 0240  22       ANDI  R0,>3FFF
     038C 3FFF 
0432 038E 06C0  14       SWPB  R0
0433 0390 D800  38       MOVB  R0,@VDPWA         * Send low byte of VDP RAM write address
     0392 8C02 
0434 0394 06C0  14       SWPB  R0
0435 0396 0260  22       ORI   R0,>4000          * Set read/write bits 14 and 15 to write (01)
     0398 4000 
0436 039A D800  38       MOVB  R0,@VDPWA         * Send high byte of VDP RAM write address
     039C 8C02 
0437 039E 045B  20       RT
0438               
0439               *---------------------------------------------
0440               * Scroll up - test VDP reads
0441               * For reads top 2 bits are zero
0442               *---------------------------------------------
0443               SCROLLUP
0444 03A0 C28B  18       MOV   R11,R10           * Save return address
0445 03A2 0206  20       LI    R6,>20            * VRAM read address
     03A4 0020 
0446 03A6 04C0  14       CLR   R0                * VRAM write address
0447 03A8 0207  20       LI    R7,23             * 23 lines
     03AA 0017 
0448               
0449               !scrollloop
0450 03AC 06C6  14       SWPB  R6
0451 03AE D806  38       MOVB  R6,@VDPWA         * Send low byte of VDP RAM read address
     03B0 8C02 
0452 03B2 06C6  14       SWPB  R6
0453 03B4 D806  38       MOVB  R6,@VDPWA
     03B6 8C02 
0454 03B8 0202  20       LI    R2,>20
     03BA 0020 
0455 03BC 0205  20       LI    R5,TMPBUF
     03BE A040 
0456 03C0 0201  20       LI    R1,VDPRD          * VDP read address
     03C2 8800 
0457               !rdloop
0458 03C4 DD51  40       MOVB  *R1,*R5+          * read byte from VRAM
0459 03C6 DD51  40       MOVB  *R1,*R5+          * read byte from VRAM
0460 03C8 0642  14       DECT  R2
0461 03CA 16FC  14       JNE   -!rdloop
0462               ; Next write the same stuff to the previous line
0463 03CC 06A0  32       BL    @SETUPVDPA
     03CE 038Ar
0464 03D0 0202  20       LI    R2,>20
     03D2 0020 
0465 03D4 0205  20       LI    R5,TMPBUF
     03D6 A040 
0466 03D8 0201  20       LI    R1,VDPWD          * VDP read address
     03DA 8C00 
0467               !wrloop
0468 03DC D475  40       MOVB  *R5+,*R1
0469 03DE D475  40       MOVB  *R5+,*R1
0470 03E0 0642  14       DECT  R2
0471 03E2 16FC  14       jne   -!wrloop
0472 03E4 0220  22       AI    R0,>20
     03E6 0020 
0473 03E8 0226  22       AI    R6,>20
     03EA 0020 
0474 03EC 0607  14       DEC   R7
0475 03EE 16DE  14       JNE   -!scrollloop
0476 03F0 045A  20       B     *R10            * Return
0477               
0478               * copy fonts from GROMs to pattern table
0479               COPYFONTS
0480 03F2 C28B  18       MOV   R11,R10     ; Save return address
0481 03F4 0200  20       LI    R0,>6B4         * setup GROM source address of font table
     03F6 06B4 
0482 03F8 0207  20       LI    R7,GROM0
     03FA 0528r
0483 03FC A1C0  18       A     R0,R7
0484               ;      MOVB    R0,@>9C02
0485               ;      SWPB    R0
0486               ;      MOVB    R0,@>9C02
0487 03FE 0200  20       LI      R0,>800+(32*8)          * destination address in VRAM
     0400 0900 
0488 0402 06A0  32       BL      @SETUPVDPA
     0404 038Ar
0489 0406 0200  20       LI      R0,62                                                   * 62 characters to copy
     0408 003E 
0490 040A 04C2  14       CLR     R2
0491               !ch2
0492 040C 0201  20       LI      R1,7                                                    * 7 bytes per char
     040E 0007 
0493               !char
0494 0410 D837  48       MOVB    *R7+,@VDPWD        * move byte from GROM to VDP
     0412 8C00 
0495 0414 0601  14       DEC     R1
0496 0416 16FC  14       JNE     -!char
0497 0418 D802  38       MOVB    R2,@VDPWD                                 * 8th byte just zero
     041A 8C00 
0498 041C 0600  14       DEC     R0
0499 041E 16F6  14       JNE     -!ch2
0500 0420 045A  20       B     *R10    ; return
0501               
0502               
0503               HEXWORD	; EP display R1 in hex in the current VDP location
0504 0422 0203  20 			LI	R3,4
     0424 0004 
0505               HEXLOOP
0506 0426 C28B  18 		  MOV R11,R10
0507 0428 C081  18 			MOV	R1,R2
0508 042A 06A0  32 !			BL	@HEXNIBBLE
     042C 043Er
0509 042E 0A42  56 			SLA	R2,4
0510 0430 C042  18 			MOV	R2,R1
0511 0432 0603  14 			DEC	R3
0512 0434 16FA  14 			JNE	-!
0513 0436 045A  20 			B 	*R10
0514               
0515               HEXBYTE	; Display most significant byte of R1 in the current VDP location
0516 0438 0203  20 			LI 	R3,2
     043A 0002 
0517 043C 10F4  14 			JMP	HEXLOOP
0518               
0519               
0520               HEXNIBBLE	; EP display top 4 bits of R1 in current VDP RAM location
0521 043E 0941  56 			SRL 	R1,4
0522 0440 0241  22 			ANDI 	R1,>0F00
     0442 0F00 
0523 0444 0221  22 			AI		R1,>3000	; Convert to ASCII
     0446 3000 
0524 0448 0281  22 			CI		R1,>3A00
     044A 3A00 
0525 044C 1A02  14 			JL		!
0526 044E 0221  22 			AI		R1,>0700
     0450 0700 
0527 0452 D801  38 !     MOVB  R1,@VDPWD
     0454 8C00 
0528 0456 045B  20 			RT
0529               
0530               *--------------------------------------------
0531               * GOPR1
0532               * Print contents of R1 in the PRINTWS
0533               * workspace.
0534               *--------------------------------------------
0535               GOPR1
0536 0458 0300  24 			LIMI	0
     045A 0000 
0537 045C 06A0  32 			BL		@SETUPVDPA		; Setup dest address
     045E 038Ar
0538 0460 06A0  32 			BL		@HEXWORD			; print
     0462 0422r
0539 0464 0220  22 			AI		R0,4					; Advance VDP ptr
     0466 0004 
0540 0468 0380  18 			RTWP
0541               
0542               *--------------------------------------------
0543               * *** Print a string ***
0544               * Entered with BLWP, so return with RTWP
0545               * PC points to string pointer, so use R14
0546               * to access it and inc R14 past it.
0547               * R0 in this workspace is VDP RAM pointer.
0548               *--------------------------------------------
0549               GOPRINT
0550 046A 0300  24 				LIMI	0						; no more interrupts until RTWP
     046C 0000 
0551 046E C07E  30 			  MOV		*R14+,R1		; Fetch string pointer to R1
0552 0470 06A0  32 			  BL		@SETUPVDPA
     0472 038Ar
0553 0474 D0B1  28 !				MOVB	*R1+,R2
0554 0476 1311  14 				JEQ		!done				; zero ends -> !done
0555 0478 0282  22 				CI		R2,>0D00
     047A 0D00 
0556 047C 13FB  14 				JEQ		-!					; Skip 0xD's
0557 047E 0282  22 				CI		R2,>0A00    ; is it linefeed?
     0480 0A00 
0558 0482 1607  14 				JNE		!write			; no -> !write
0559               ; Here we are with a linefeed. Update to next line.
0560 0484 0220  22 				AI		R0,32
     0486 0020 
0561 0488 0240  22 				ANDI	R0,>FFE0
     048A FFE0 
0562 048C 06A0  32 				BL		@SETUPVDPA
     048E 038Ar
0563 0490 10F1  14 				JMP		-!
0564               ; Write the character to the VDP
0565               !write
0566 0492 0580  14 				INC	  R0					; update our VDP address
0567 0494 D802  38 				MOVB	R2,@VDPWD
     0496 8C00 
0568 0498 10ED  14 				JMP		-!
0569               !done
0570 049A 0380  18   		  RTWP
0571               
0572               *--------------------------------------------
0573               * GOPRCHAR
0574               * Print a character from R1 high byte, PRINTWS
0575               * workspace.
0576               *--------------------------------------------
0577               GOPRCHAR
0578 049C 0300  24 			LIMI 	0
     049E 0000 
0579 04A0 06A0  32 			BL		@SETUPVDPA		; Setup dest address
     04A2 038Ar
0580 04A4 0580  14 			INC	  R0						; update our VDP address
0581 04A6 D801  38 			MOVB	R1,@VDPWD
     04A8 8C00 
0582 04AA 0380  18 			RTWP
0583               
0584               *--------------------------------------------
0585               * CLS
0586               * Clear the screen. Enter with BLWP
0587               *--------------------------------------------
0588               GOCLS
0589 04AC 0300  24        LIMI 0
     04AE 0000 
0590 04B0 04C0  14        CLR  R0                * Start at top left corner of the screen
0591 04B2 0201  20        LI   R1,>2000          * Write a space (>20 hex is 32 decimal)
     04B4 2000 
0592 04B6 0202  20        LI   R2,768            * Number of bytes to write
     04B8 0300 
0593               
0594 04BA D820  54        MOVB @PRINTWS+1,@VDPWA ;* Send low byte of VDP RAM write address
     04BC 8321 
     04BE 8C02 
0595 04C0 0260  22        ORI  R0,>4000          * Set read/write bits 14 and 15 to write (01)
     04C2 4000 
0596 04C4 D800  38        MOVB R0,@VDPWA         * Send high byte of VDP RAM write address
     04C6 8C02 
0597               
0598 04C8 D801  38 !      MOVB R1,@VDPWD         * Write byte to VDP RAM
     04CA 8C00 
0599 04CC 0602  14        DEC  R2                * Byte counter
0600 04CE 16FC  14        JNE  -!                * Check if done
0601               
0602 04D0 0200  20        LI   R0,1              * second column
     04D2 0001 
0603 04D4 06A0  32        BL   @SETUPVDPA
     04D6 038Ar
0604 04D8 0380  18        RTWP
0605               
0606               *--------------------------------------------
0607               * DELAY that takes enough time for a human
0608               * to see something on the screen.
0609               * Enter with BLWP
0610               *--------------------------------------------
0611               GODELAY
0612               ; Stop here for a while
0613 04DA 04C0  14       CLR   R0
0614 04DC 0201  20       LI    R1,10
     04DE 000A 
0615               !mydelay
0616 04E0 0600  14       DEC   R0
0617 04E2 16FE  14       JNE   -!mydelay
0618 04E4 0601  14       DEC   R1
0619 04E6 16FC  14       JNE   -!mydelay
0620               ; Next scroll the screen up
0621 04E8 06A0  32       BL    @SCROLLUP
     04EA 03A0r
0622               ; Stop here for a while
0623 04EC 04C0  14       CLR   R0
0624 04EE 0201  20       LI    R1,10
     04F0 000A 
0625               !mydelay
0626 04F2 0600  14       DEC   R0
0627 04F4 16FE  14       JNE   -!mydelay
0628 04F6 0601  14       DEC   R1
0629 04F8 16FC  14       JNE   -!mydelay
0630 04FA 0380  18 			RTWP
0631               
0632                     EVEN
0633               CHARS
0634 04FC 0000           BYTE  0,0,0,0,0,0,0,0
     04FE 0000 
     0500 0000 
     0502 0000 
0635 0504 0018           BYTE  >00,>18,>24,>42,>42,>7E,>42,>42
     0506 2442 
     0508 427E 
     050A 4242 
0636 050C 8080           BYTE  >80,>80,>80,>80,>80,>80,>80,>80
     050E 8080 
     0510 8080 
     0512 8080 
0637 0514 0103           BYTE  >01,>03,>01,>01,>01,>01,>01,>01
     0516 0101 
     0518 0101 
     051A 0101 
0638                     EVEN
0639               ENDCHARS
0640               ; Initial VDP register values
0641               VDPSEQ
0642 051C 00E0           BYTE  >00,>E0,>00,>0E    ; Interrupts enabled
     051E 000E 
0643               ;      BYTE  >00,>C0,>00,>0E     ; Interrupts disabled
0644 0520 0106           BYTE  >01,>06,>00,>F7
     0522 00F7 
0645               TXTCRLF
0646 0524 0D0A     		BYTE >0D,>0A
0647 0526 0000     		BYTE >00
0648                   EVEN
0649               
0650 0528 AA02     GROM0 BCOPY "GROMSMAL.BIN"
     052A 0000 
     052C 0000 
     052E 0000 
     0530 1310 
     0532 1320 
     0534 0000 
     0536 0000 
     0538 43DC 
     053A 443C 
     053C 49A9 
     053E 4396 
     0540 439E 
     0542 4446 
     0544 4449 
     0546 444C 
     0548 4052 
     054A 51FE 
     054C 4C82 
     054E 4D59 
     0550 4DB4 
     0552 4E64 
     0554 4EF9 
     0556 4F01 
     0558 4F5F 
     055A 4F80 
     055C 43CE 
     055E 43D6 
     0560 054D 
     0562 1252 
     0564 5E44 
     0566 1705 
     0568 2844 
     056A 0537 
     056C B460 
     056E 0D00 
     0570 1100 
     0572 43C2 
     0574 04B4 
     0576 06B4 
     0578 0874 
     057A 8780 
     057C CEBE 
     057E 8F11 
     0580 0070 
     0582 BE81 
     0584 009F 
     0586 BE81 
     0588 00BF 
     058A BE81 
     058C 00DF 
     058E BE81 
     0590 00FF 
     0592 BF72 
     0594 FF7E 
     0596 3900 
     0598 0800 
     059A 0451 
     059C 8600 
     059E 3500 
     05A0 7101 
     05A2 0035 
     05A4 003E 
     05A6 8082 
     05A8 0035 
     05AA 000B 
     05AC 7400 
     05AE 3500 
     05B0 0880 
     05B2 C200 
     05B4 BF03 
     05B6 0308 
     05B8 F602 
     05BA 03BF 
     05BC 0310 
     05BE 01F6 
     05C0 0203 
     05C2 BE03 
     05C4 18F6 
     05C6 0203 
     05C8 8400 
     05CA BE03 
     05CC 02F6 
     05CE 0203 
     05D0 BE03 
     05D2 01F6 
     05D4 0203 
     05D6 BF03 
     05D8 1602 
     05DA F602 
     05DC 0306 
     05DE 03CE 
     05E0 86A0 
     05E2 00BE 
     05E4 7010 
     05E6 BEB0 
     05E8 70A0 
     05EA 8EA0 
     05EC 0040 
     05EE DC39 
     05F0 0001 
     05F2 0104 
     05F4 4F86 
     05F6 B070 
     05F8 A070 
     05FA 70D6 
     05FC 7040 
     05FE 40BE 
     0600 BE80 
     0602 FD08 
     0604 9370 
     0606 3900 
     0608 0101 
     060A 0244 
     060C 86A0 
     060E 0035 
     0610 0FFF 
     0612 A001 
     0614 A000 
     0616 3100 
     0618 20A3 
     061A 8004 
     061C 5931 
     061E 0200 
     0620 A900 
     0622 04B4 
     0624 3100 
     0626 50A8 
     0628 0809 
     062A 5007 
     062C 20BE 
     062E 7E05 
     0630 BC74 
     0632 7E03 
     0634 927E 
     0636 4108 
     0638 877E 
     063A BE75 
     063C 6008 
     063E C1E0 
     0640 75FB 
     0642 0117 
     0644 B09D 
     0646 C1E0 
     0648 75FB 
     064A 011F 
     064C FBA6 
     064E 7E12 
     0650 A275 
     0652 08D6 
     0654 75E0 
     0656 4115 
     0658 D67E 
     065A 0341 
     065C 1287 
     065E 7E08 
     0660 A48E 
     0662 0201 
     0664 0203 
     0666 9C02 
     0668 0405 
     066A 069C 
     066C 0207 
     066E 0809 
     0670 A78F 
     0672 1B52 
     0674 4541 
     0676 4459 
     0678 2D50 
     067A 5245 
     067C 5353 
     067E 2041 
     0680 4E59 
     0682 204B 
     0684 4559 
     0686 2054 
     0688 4F20 
     068A 4245 
     068C 4749 
     068E 4EFB 
     0690 3100 
     0692 11A1 
     0694 2804 
     0696 9631 
     0698 0018 
     069A A2C4 
     069C 048F 
     069E 3100 
     06A0 0DA1 
     06A2 6A04 
     06A4 A7BE 
     06A6 4310 
     06A8 0603 
     06AA 7C87 
     06AC 80D0 
     06AE 8655 
     06B0 BE6D 
     06B2 040F 
     06B4 1961 
     06B6 8BBF 
     06B8 7200 
     06BA 80BF 
     06BC 9072 
     06BE 01A2 
     06C0 0F1A 
     06C2 BD90 
     06C4 7390 
     06C6 7296 
     06C8 7200 
     06CA 8F80 
     06CC D041 
     06CE 8F39 
     06D0 0001 
     06D2 0104 
     06D4 5086 
     06D6 7402 
     06D8 FF03 
     06DA 41AF 
     06DC 0603 
     06DE CE07 
     06E0 20BE 
     06E2 72FE 
     06E4 BE6D 
     06E6 0686 
     06E8 6C86 
     06EA 80FB 
     06EC 3100 
     06EE 1EA4 
     06F0 0060 
     06F2 00BE 
     06F4 80FB 
     06F6 0431 
     06F8 001E 
     06FA A420 
     06FC 6000 
     06FE 8658 
     0700 8659 
     0702 0501 
     0704 DF90 
     0706 59CE 
     0708 591D 
     070A 61F0 
     070C D4E4 
     070E 0058 
     0710 E420 
     0712 5841 
     0714 F205 
     0716 01DD 
     0718 4200 
     071A 9472 
     071C 8790 
     071E 7294 
     0720 72BF 
     0722 9072 
     0724 12A5 
     0726 906C 
     0728 D68F 
     072A DD00 
     072C AA42 
     072E 27BD 
     0730 588F 
     0732 DD06 
     0734 8F58 
     0736 6227 
     0738 9472 
     073A BF90 
     073C 72FF 
     073E FF94 
     0740 72BD 
     0742 9072 
     0744 5890 
     0746 6CBD 
     0748 58CF 
     074A 7D00 
     074C 5842 
     074E 0C94 
     0750 7287 
     0752 9072 
     0754 0F1A 
     0756 6227 
     0758 9672 
     075A D702 
     075C 12A5 
     075E 4243 
     0760 3100 
     0762 0159 
     0764 6000 
     0766 D659 
     0768 AA41 
     076A B939 
     076C 0001 
     076E 0104 
     0770 5108 
     0772 A081 
     0774 0201 
     0776 0203 
     0778 9C02 
     077A 0405 
     077C 069C 
     077E 0207 
     0780 0809 
     0782 A09E 
     0784 0450 
     0786 5245 
     0788 5353 
     078A FB31 
     078C 0011 
     078E A028 
     0790 0496 
     0792 3100 
     0794 0DA0 
     0796 6804 
     0798 A7BF 
     079A 5200 
     079C E4BE 
     079E 5830 
     07A0 8E6C 
     07A2 4293 
     07A4 08FF 
     07A6 020F 
     07A8 494E 
     07AA 5345 
     07AC 5254 
     07AE 2043 
     07B0 4152 
     07B2 5452 
     07B4 4944 
     07B6 4745 
     07B8 FB42 
     07BA EF90 
     07BC 58BC 
     07BE B052 
     07C0 5895 
     07C2 5231 
     07C4 0003 
     07C6 B052 
     07C8 094D 
     07CA A352 
     07CC 0004 
     07CE BD6A 
     07D0 9072 
     07D2 9672 
     07D4 BD5C 
     07D6 9072 
     07D8 9672 
     07DA A36A 
     07DC 0004 
     07DE 865E 
     07E0 8E5C 
     07E2 62D0 
     07E4 3500 
     07E6 015F 
     07E8 CF7D 
     07EA 006A 
     07EC 916A 
     07EE 345E 
     07F0 B052 
     07F2 CF7D 
     07F4 006A 
     07F6 42E0 
     07F8 3300 
     07FA 015F 
     07FC 0000 
     07FE 6A91 
     0800 6A32 
     0802 5EB0 
     0804 5200 
     0806 006A 
     0808 A352 
     080A 003A 
     080C D272 
     080E 0062 
     0810 93BE 
     0812 4313 
     0814 0603 
     0816 7C39 
     0818 0001 
     081A 0104 
     081C 5086 
     081E 7402 
     0820 FF03 
     0822 42F7 
     0824 A675 
     0826 31C8 
     0828 756C 
     082A 430A 
     082C 0603 
     082E D605 
     0830 02F7 
     0832 0603 
     0834 CEA4 
     0836 6C75 
     0838 926C 
     083A E26C 
     083C 02BC 
     083E 7890 
     0840 6C94 
     0842 6CBD 
     0844 5C90 
     0846 6C95 
     0848 5CBF 
     084A 729E 
     084C 808E 
     084E 7863 
     0850 32BD 
     0852 8080 
     0854 CF7D 
     0856 005C 
     0858 433A 
     085A 3300 
     085C 0280 
     085E 8000 
     0860 005C 
     0862 0720 
     0864 8F80 
     0866 CE43 
     0868 3CCF 
     086A 7010 
     086C 0043 
     086E 56BD 
     0870 0070 
     0872 A700 
     0874 0FFF 
     0876 3400 
     0878 AF10 
     087A 00AF 
     087C 0FFF 
     087E 8600 
     0880 3500 
     0882 6F01 
     0884 0035 
     0886 003C 
     0888 8084 
     088A 0086 
     088C 7435 
     088E 001F 
     0890 A381 
     0892 A380 
     0894 8780 
     0896 828E 
     0898 7863 
     089A 7B96 
     089C 73BD 
     089E 0080 
     08A0 800F 
     08A2 F000 
     08A4 BE42 
     08A6 6031 
     08A8 0002 
     08AA 2860 
     08AC 00D6 
     08AE 28AA 
     08B0 4395 
     08B2 D229 
     08B4 0063 
     08B6 9594 
     08B8 73BD 
     08BA 9073 
     08BC 4200 
     08BE 3102 
     08C0 00B0 
     08C2 4A04 
     08C4 B400 
     08C6 BF80 
     08C8 D006 
     08CA B4BE 
     08CC 80D2 
     08CE 4086 
     08D0 B04A 
     08D2 3300 
     08D4 07E0 
     08D6 014A 
     08D8 0000 
     08DA D0A3 
     08DC 4A00 
     08DE 08A3 
     08E0 80D0 
     08E2 0007 
     08E4 9280 
     08E6 D243 
     08E8 A700 
     08EA BF80 
     08EC D008 
     08EE 74BE 
     08F0 80D2 
     08F2 1F05 
     08F4 03A7 
     08F6 BF58 
     08F8 0479 
     08FA F658 
     08FC 0000 
     08FE BF58 
     0900 0484 
     0902 43D2 
     0904 886D 
     0906 8654 
     0908 BC55 
     090A B056 
     090C 8658 
     090E BD52 
     0910 5691 
     0912 52D4 
     0914 5855 
     0916 63FA 
     0918 D6B0 
     091A 522E 
     091C 63FA 
     091E 9058 
     0920 43E9 
     0922 8E58 
     0924 6438 
     0926 BC55 
     0928 58D2 
     092A 5508 
     092C 6438 
     092E 8654 
     0930 8780 
     0932 D091 
     0934 5634 
     0936 544A 
     0938 B056 
     093A A156 
     093C 540F 
     093E 1994 
     0940 73BD 
     0942 9073 
     0944 80FA 
     0946 0F1A 
     0948 442C 
     094A 9473 
     094C BD90 
     094E 7390 
     0950 7296 
     0952 7200 
     0954 8F80 
     0956 D044 
     0958 1EBD 
     095A 80FA 
     095C 9073 
     095E 9673 
     0960 D400 
     0962 0001 
     0964 9673 
     0966 BD80 
     0968 FA90 
     096A 7396 
     096C 7300 
     096E 0528 
     0970 4C05 
     0972 284E 
     0974 0520 
     0976 1080 
     0978 6000 
     097A 20F0 
     097C 0EF9 
     097E 86F8 
     0980 F717 
     0982 1717 
     0984 1717 
     0986 1717 
     0988 1717 
     098A 1717 
     098C 1706 
     098E 0301 
     0990 0B0C 
     0992 0D0F 
     0994 0402 
     0996 0D08 
     0998 0E05 
     099A 090A 
     099C 0627 
     099E 2722 
     09A0 2206 
     09A2 BFDF 
     09A4 FF80 
     09A6 0592 
     09A8 0A01 
     09AA 9F00 
     09AC 06BF 
     09AE DFFF 
     09B0 8020 
     09B2 900A 
     09B4 019F 
     09B6 000A 
     09B8 3139 
     09BA 3831 
     09BC 2020 
     09BE 5445 
     09C0 5841 
     09C2 5320 
     09C4 494E 
     09C6 5354 
     09C8 5255 
     09CA 4D45 
     09CC 4E54 
     09CE 5348 
     09D0 4F4D 
     09D2 4520 
     09D4 434F 
     09D6 4D50 
     09D8 5554 
     09DA 4552 
     09DC 0000 
     09DE 0000 
     09E0 0000 
     09E2 0000 
     09E4 2020 
     09E6 2020 
     09E8 2020 
     09EA 0020 
     09EC 4848 
     09EE 4800 
     09F0 0000 
     09F2 0000 
     09F4 0048 
     09F6 FC48 
     09F8 48FC 
     09FA 4800 
     09FC 103C 
     09FE 5038 
     0A00 1478 
     0A02 1000 
     0A04 C0C4 
     0A06 0810 
     0A08 2040 
     0A0A 8C0C 
     0A0C 6090 
     0A0E 9060 
     0A10 6094 
     0A12 8874 
     0A14 0810 
     0A16 2000 
     0A18 0000 
     0A1A 0000 
     0A1C 0810 
     0A1E 2020 
     0A20 2020 
     0A22 1008 
     0A24 4020 
     0A26 1010 
     0A28 1010 
     0A2A 2040 
     0A2C 0000 
     0A2E 4830 
     0A30 CC30 
     0A32 4800 
     0A34 0000 
     0A36 1010 
     0A38 7C10 
     0A3A 1000 
     0A3C 0000 
     0A3E 0000 
     0A40 0030 
     0A42 1020 
     0A44 0000 
     0A46 0000 
     0A48 7C00 
     0A4A 0000 
     0A4C 0000 
     0A4E 0000 
     0A50 0000 
     0A52 3030 
     0A54 0004 
     0A56 0810 
     0A58 2040 
     0A5A 8000 
     0A5C 3844 
     0A5E 4444 
     0A60 4444 
     0A62 4438 
     0A64 1030 
     0A66 5010 
     0A68 1010 
     0A6A 107C 
     0A6C 7884 
     0A6E 0408 
     0A70 1020 
     0A72 40FC 
     0A74 7884 
     0A76 0438 
     0A78 0404 
     0A7A 8478 
     0A7C 0C14 
     0A7E 2444 
     0A80 84FC 
     0A82 0404 
     0A84 F880 
     0A86 80F8 
     0A88 0404 
     0A8A 8478 
     0A8C 7880 
     0A8E 80F8 
     0A90 8484 
     0A92 8478 
     0A94 FC04 
     0A96 0408 
     0A98 1020 
     0A9A 4040 
     0A9C 7884 
     0A9E 8478 
     0AA0 8484 
     0AA2 8478 
     0AA4 7884 
     0AA6 8484 
     0AA8 7C04 
     0AAA 0478 
     0AAC 0030 
     0AAE 3000 
     0AB0 0030 
     0AB2 3000 
     0AB4 0030 
     0AB6 3000 
     0AB8 0030 
     0ABA 1020 
     0ABC 0008 
     0ABE 1020 
     0AC0 4020 
     0AC2 1008 
     0AC4 0000 
     0AC6 007C 
     0AC8 007C 
     0ACA 0000 
     0ACC 0040 
     0ACE 2010 
     0AD0 0810 
     0AD2 2040 
     0AD4 3844 
     0AD6 0408 
     0AD8 1010 
     0ADA 0010 
     0ADC 0078 
     0ADE 849C 
     0AE0 A498 
     0AE2 807C 
     0AE4 7884 
     0AE6 8484 
     0AE8 FC84 
     0AEA 8484 
     0AEC F844 
     0AEE 4478 
     0AF0 4444 
     0AF2 44F8 
     0AF4 7884 
     0AF6 8080 
     0AF8 8080 
     0AFA 8478 
     0AFC F844 
     0AFE 4444 
     0B00 4444 
     0B02 44F8 
     0B04 FC80 
     0B06 80F0 
     0B08 8080 
     0B0A 80FC 
     0B0C FC80 
     0B0E 80F0 
     0B10 8080 
     0B12 8080 
     0B14 7884 
     0B16 8080 
     0B18 9C84 
     0B1A 8478 
     0B1C 8484 
     0B1E 84FC 
     0B20 8484 
     0B22 8484 
     0B24 7C10 
     0B26 1010 
     0B28 1010 
     0B2A 107C 
     0B2C 0404 
     0B2E 0404 
     0B30 0484 
     0B32 8478 
     0B34 8890 
     0B36 A0C0 
     0B38 A090 
     0B3A 8884 
     0B3C 4040 
     0B3E 4040 
     0B40 4040 
     0B42 407C 
     0B44 84CC 
     0B46 B484 
     0B48 8484 
     0B4A 8484 
     0B4C 84C4 
     0B4E A494 
     0B50 8C84 
     0B52 8484 
     0B54 FC84 
     0B56 8484 
     0B58 8484 
     0B5A 84FC 
     0B5C F884 
     0B5E 8484 
     0B60 F880 
     0B62 8080 
     0B64 7884 
     0B66 8484 
     0B68 8494 
     0B6A 8874 
     0B6C F884 
     0B6E 8484 
     0B70 F890 
     0B72 8884 
     0B74 7884 
     0B76 8078 
     0B78 0404 
     0B7A 8478 
     0B7C 7C10 
     0B7E 1010 
     0B80 1010 
     0B82 1010 
     0B84 8484 
     0B86 8484 
     0B88 8484 
     0B8A 8478 
     0B8C 4444 
     0B8E 4444 
     0B90 2828 
     0B92 1010 
     0B94 8484 
     0B96 8484 
     0B98 84B4 
     0B9A CC84 
     0B9C 8484 
     0B9E 4830 
     0BA0 3048 
     0BA2 8484 
     0BA4 4444 
     0BA6 4428 
     0BA8 1010 
     0BAA 1010 
     0BAC FC04 
     0BAE 0810 
     0BB0 2040 
     0BB2 80FC 
     0BB4 3820 
     0BB6 2020 
     0BB8 2020 
     0BBA 2038 
     0BBC 0080 
     0BBE 4020 
     0BC0 1008 
     0BC2 0400 
     0BC4 7010 
     0BC6 1010 
     0BC8 1010 
     0BCA 1070 
     0BCC 1028 
     0BCE 4482 
     0BD0 0000 
     0BD2 0000 
     0BD4 0000 
     0BD6 0000 
     0BD8 0000 
     0BDA 00FC 
     0BDC 0000 
     0BDE 0000 
     0BE0 0000 
     0BE2 0010 
     0BE4 1010 
     0BE6 1010 
     0BE8 0010 
     0BEA 2828 
     0BEC 2800 
     0BEE 0000 
     0BF0 0028 
     0BF2 287C 
     0BF4 287C 
     0BF6 2828 
     0BF8 3854 
     0BFA 5038 
     0BFC 1454 
     0BFE 3860 
     0C00 6408 
     0C02 1020 
     0C04 4C0C 
     0C06 2050 
     0C08 5020 
     0C0A 5448 
     0C0C 3408 
     0C0E 0810 
     0C10 0000 
     0C12 0000 
     0C14 0810 
     0C16 2020 
     0C18 2010 
     0C1A 0820 
     0C1C 1008 
     0C1E 0808 
     0C20 1020 
     0C22 0028 
     0C24 107C 
     0C26 1028 
     0C28 0000 
     0C2A 1010 
     0C2C 7C10 
     0C2E 1000 
     0C30 0000 
     0C32 0000 
     0C34 3010 
     0C36 2000 
     0C38 0000 
     0C3A 7C00 
     0C3C 0000 
     0C3E 0000 
     0C40 0000 
     0C42 0030 
     0C44 3000 
     0C46 0408 
     0C48 1020 
     0C4A 4000 
     0C4C 3844 
     0C4E 4444 
     0C50 4444 
     0C52 3810 
     0C54 3010 
     0C56 1010 
     0C58 1038 
     0C5A 3844 
     0C5C 0408 
     0C5E 1020 
     0C60 7C38 
     0C62 4404 
     0C64 1804 
     0C66 4438 
     0C68 0818 
     0C6A 2848 
     0C6C 7C08 
     0C6E 087C 
     0C70 4078 
     0C72 0404 
     0C74 4438 
     0C76 1820 
     0C78 4078 
     0C7A 4444 
     0C7C 387C 
     0C7E 0408 
     0C80 1020 
     0C82 2020 
     0C84 3844 
     0C86 4438 
     0C88 4444 
     0C8A 3838 
     0C8C 4444 
     0C8E 3C04 
     0C90 0830 
     0C92 0030 
     0C94 3000 
     0C96 3030 
     0C98 0000 
     0C9A 3030 
     0C9C 0030 
     0C9E 1020 
     0CA0 0810 
     0CA2 2040 
     0CA4 2010 
     0CA6 0800 
     0CA8 007C 
     0CAA 007C 
     0CAC 0000 
     0CAE 2010 
     0CB0 0804 
     0CB2 0810 
     0CB4 2038 
     0CB6 4404 
     0CB8 0810 
     0CBA 0010 
     0CBC 3844 
     0CBE 5C54 
     0CC0 5C40 
     0CC2 3838 
     0CC4 4444 
     0CC6 7C44 
     0CC8 4444 
     0CCA 7824 
     0CCC 2438 
     0CCE 2424 
     0CD0 7838 
     0CD2 4440 
     0CD4 4040 
     0CD6 4438 
     0CD8 7824 
     0CDA 2424 
     0CDC 2424 
     0CDE 787C 
     0CE0 4040 
     0CE2 7840 
     0CE4 407C 
     0CE6 7C40 
     0CE8 4078 
     0CEA 4040 
     0CEC 403C 
     0CEE 4040 
     0CF0 5C44 
     0CF2 4438 
     0CF4 4444 
     0CF6 447C 
     0CF8 4444 
     0CFA 4438 
     0CFC 1010 
     0CFE 1010 
     0D00 1038 
     0D02 0404 
     0D04 0404 
     0D06 0444 
     0D08 3844 
     0D0A 4850 
     0D0C 6050 
     0D0E 4844 
     0D10 4040 
     0D12 4040 
     0D14 4040 
     0D16 7C44 
     0D18 6C54 
     0D1A 5444 
     0D1C 4444 
     0D1E 4464 
     0D20 6454 
     0D22 4C4C 
     0D24 447C 
     0D26 4444 
     0D28 4444 
     0D2A 447C 
     0D2C 7844 
     0D2E 4478 
     0D30 4040 
     0D32 4038 
     0D34 4444 
     0D36 4454 
     0D38 4834 
     0D3A 7844 
     0D3C 4478 
     0D3E 5048 
     0D40 4438 
     0D42 4440 
     0D44 3804 
     0D46 4438 
     0D48 7C10 
     0D4A 1010 
     0D4C 1010 
     0D4E 1044 
     0D50 4444 
     0D52 4444 
     0D54 4438 
     0D56 4444 
     0D58 4428 
     0D5A 2810 
     0D5C 1044 
     0D5E 4444 
     0D60 5454 
     0D62 5428 
     0D64 4444 
     0D66 2810 
     0D68 2844 
     0D6A 4444 
     0D6C 4428 
     0D6E 1010 
     0D70 1010 
     0D72 7C04 
     0D74 0810 
     0D76 2040 
     0D78 7C38 
     0D7A 2020 
     0D7C 2020 
     0D7E 2038 
     0D80 0040 
     0D82 2010 
     0D84 0804 
     0D86 0038 
     0D88 0808 
     0D8A 0808 
     0D8C 0838 
     0D8E 0010 
     0D90 2844 
     0D92 0000 
     0D94 0000 
     0D96 0000 
     0D98 0000 
     0D9A 007C 
     0D9C 0020 
     0D9E 1008 
     0DA0 0000 
     0DA2 0000 
     0DA4 0038 
     0DA6 447C 
     0DA8 4444 
     0DAA 0000 
     0DAC 7824 
     0DAE 3824 
     0DB0 7800 
     0DB2 003C 
     0DB4 4040 
     0DB6 403C 
     0DB8 0000 
     0DBA 7824 
     0DBC 2424 
     0DBE 7800 
0651                   EVEN
0652 0DC0 6060     VDPDUMP BCOPY "vdp-raw.bin"
     0DC2 6868 
     0DC4 7070 
     0DC6 7878 
     0DC8 8080 
     0DCA 8888 
     0DCC 9090 
     0DCE 9898 
     0DD0 A0A0 
     0DD2 A8A8 
     0DD4 B0B0 
     0DD6 B8B8 
     0DD8 C0C0 
     0DDA C8C8 
     0DDC D0D0 
     0DDE D8D8 
     0DE0 6060 
     0DE2 6868 
     0DE4 7070 
     0DE6 7878 
     0DE8 8080 
     0DEA 8888 
     0DEC 9090 
     0DEE 9898 
     0DF0 A0A0 
     0DF2 A8A8 
     0DF4 B0B0 
     0DF6 B8B8 
     0DF8 C0C0 
     0DFA C8C8 
     0DFC D0D0 
     0DFE D8D8 
     0E00 6060 
     0E02 6868 
     0E04 7070 
     0E06 7878 
     0E08 8080 
     0E0A 8888 
     0E0C 9090 
     0E0E 9898 
     0E10 A0A0 
     0E12 A8A8 
     0E14 B0B0 
     0E16 B8B8 
     0E18 C0C0 
     0E1A C8C8 
     0E1C D0D0 
     0E1E D8D8 
     0E20 2020 
     0E22 2020 
     0E24 2020 
     0E26 2020 
     0E28 2020 
     0E2A 2020 
     0E2C 2020 
     0E2E 2020 
     0E30 2020 
     0E32 2020 
     0E34 2020 
     0E36 2020 
     0E38 2020 
     0E3A 2020 
     0E3C 2020 
     0E3E 2020 
     0E40 2020 
     0E42 2020 
     0E44 2020 
     0E46 2020 
     0E48 2020 
     0E4A 2020 
     0E4C 2020 
     0E4E 2020 
     0E50 2020 
     0E52 2020 
     0E54 2020 
     0E56 2020 
     0E58 2020 
     0E5A 2020 
     0E5C 2020 
     0E5E 2020 
     0E60 2020 
     0E62 2020 
     0E64 2020 
     0E66 2020 
     0E68 2020 
     0E6A 2020 
     0E6C 2020 
     0E6E 2001 
     0E70 0203 
     0E72 2020 
     0E74 2020 
     0E76 2020 
     0E78 2020 
     0E7A 2020 
     0E7C 2020 
     0E7E 2020 
     0E80 2020 
     0E82 2020 
     0E84 2020 
     0E86 2020 
     0E88 2020 
     0E8A 2020 
     0E8C 2020 
     0E8E 2004 
     0E90 0506 
     0E92 2020 
     0E94 2020 
     0E96 2020 
     0E98 2020 
     0E9A 2020 
     0E9C 2020 
     0E9E 2020 
     0EA0 2020 
     0EA2 2020 
     0EA4 2020 
     0EA6 2020 
     0EA8 2020 
     0EAA 2020 
     0EAC 2020 
     0EAE 2007 
     0EB0 0809 
     0EB2 2020 
     0EB4 2020 
     0EB6 2020 
     0EB8 2020 
     0EBA 2020 
     0EBC 2020 
     0EBE 2020 
     0EC0 2020 
     0EC2 2020 
     0EC4 2020 
     0EC6 2020 
     0EC8 2020 
     0ECA 2020 
     0ECC 2020 
     0ECE 2020 
     0ED0 2020 
     0ED2 2020 
     0ED4 2020 
     0ED6 2020 
     0ED8 2020 
     0EDA 2020 
     0EDC 2020 
     0EDE 2020 
     0EE0 2020 
     0EE2 2020 
     0EE4 2020 
     0EE6 2020 
     0EE8 5445 
     0EEA 5841 
     0EEC 5320 
     0EEE 494E 
     0EF0 5354 
     0EF2 5255 
     0EF4 4D45 
     0EF6 4E54 
     0EF8 5320 
     0EFA 2020 
     0EFC 2020 
     0EFE 2020 
     0F00 2020 
     0F02 2020 
     0F04 2020 
     0F06 2020 
     0F08 2020 
     0F0A 2020 
     0F0C 2020 
     0F0E 2020 
     0F10 2020 
     0F12 2020 
     0F14 2020 
     0F16 2020 
     0F18 2020 
     0F1A 2020 
     0F1C 2020 
     0F1E 2020 
     0F20 2020 
     0F22 2020 
     0F24 2020 
     0F26 2020 
     0F28 2020 
     0F2A 484F 
     0F2C 4D45 
     0F2E 2043 
     0F30 4F4D 
     0F32 5055 
     0F34 5445 
     0F36 5220 
     0F38 2020 
     0F3A 2020 
     0F3C 2020 
     0F3E 2020 
     0F40 2020 
     0F42 2020 
     0F44 2020 
     0F46 2020 
     0F48 2020 
     0F4A 2020 
     0F4C 2020 
     0F4E 2020 
     0F50 2020 
     0F52 2020 
     0F54 2020 
     0F56 2020 
     0F58 2020 
     0F5A 2020 
     0F5C 2020 
     0F5E 2020 
     0F60 2020 
     0F62 2020 
     0F64 2020 
     0F66 2020 
     0F68 2020 
     0F6A 2020 
     0F6C 2020 
     0F6E 2020 
     0F70 2020 
     0F72 2020 
     0F74 2020 
     0F76 2020 
     0F78 2020 
     0F7A 2020 
     0F7C 2020 
     0F7E 2020 
     0F80 2020 
     0F82 2020 
     0F84 2020 
     0F86 2020 
     0F88 2020 
     0F8A 2020 
     0F8C 2020 
     0F8E 2020 
     0F90 2020 
     0F92 2020 
     0F94 2020 
     0F96 2020 
     0F98 2020 
     0F9A 2020 
     0F9C 2020 
     0F9E 2020 
     0FA0 2020 
     0FA2 2020 
     0FA4 2020 
     0FA6 2020 
     0FA8 2020 
     0FAA 2020 
     0FAC 2020 
     0FAE 2020 
     0FB0 2020 
     0FB2 2020 
     0FB4 2020 
     0FB6 2020 
     0FB8 2020 
     0FBA 2020 
     0FBC 2020 
     0FBE 2020 
     0FC0 2020 
     0FC2 5245 
     0FC4 4144 
     0FC6 592D 
     0FC8 5052 
     0FCA 4553 
     0FCC 5320 
     0FCE 414E 
     0FD0 5920 
     0FD2 4B45 
     0FD4 5920 
     0FD6 544F 
     0FD8 2042 
     0FDA 4547 
     0FDC 494E 
     0FDE 2020 
     0FE0 2020 
     0FE2 2020 
     0FE4 2020 
     0FE6 2020 
     0FE8 2020 
     0FEA 2020 
     0FEC 2020 
     0FEE 2020 
     0FF0 2020 
     0FF2 2020 
     0FF4 2020 
     0FF6 2020 
     0FF8 2020 
     0FFA 2020 
     0FFC 2020 
     0FFE 2020 
     1000 6060 
     1002 6868 
     1004 7070 
     1006 7878 
     1008 8080 
     100A 8888 
     100C 9090 
     100E 9898 
     1010 A0A0 
     1012 A8A8 
     1014 B0B0 
     1016 B8B8 
     1018 C0C0 
     101A C8C8 
     101C D0D0 
     101E D8D8 
     1020 6060 
     1022 6868 
     1024 7070 
     1026 7878 
     1028 8080 
     102A 8888 
     102C 9090 
     102E 9898 
     1030 A0A0 
     1032 A8A8 
     1034 B0B0 
     1036 B8B8 
     1038 C0C0 
     103A C8C8 
     103C D0D0 
     103E D8D8 
     1040 6060 
     1042 6868 
     1044 7070 
     1046 7878 
     1048 8080 
     104A 8888 
     104C 9090 
     104E 9898 
     1050 A0A0 
     1052 A8A8 
     1054 B0B0 
     1056 B8B8 
     1058 C0C0 
     105A C8C8 
     105C D0D0 
     105E D8D8 
     1060 2020 
     1062 2020 
     1064 2020 
     1066 2020 
     1068 2020 
     106A 2020 
     106C 2020 
     106E 2020 
     1070 2020 
     1072 2020 
     1074 2020 
     1076 2020 
     1078 2020 
     107A 2020 
     107C 2020 
     107E 2020 
     1080 2020 
     1082 2020 
     1084 0A31 
     1086 3938 
     1088 3120 
     108A 2054 
     108C 4558 
     108E 4153 
     1090 2049 
     1092 4E53 
     1094 5452 
     1096 554D 
     1098 454E 
     109A 5453 
     109C 2020 
     109E 2020 
     10A0 2020 
     10A2 2020 
     10A4 2020 
     10A6 2020 
     10A8 2020 
     10AA 2020 
     10AC 2020 
     10AE 2020 
     10B0 2020 
     10B2 2020 
     10B4 2020 
     10B6 2020 
     10B8 2020 
     10BA 2020 
     10BC 2020 
     10BE 2020 
     10C0 0000 
     10C2 0000 
     10C4 0000 
     10C6 0000 
     10C8 0000 
     10CA 0000 
     10CC 0000 
     10CE 0000 
     10D0 0000 
     10D2 0000 
     10D4 0000 
     10D6 0000 
     10D8 0000 
     10DA 0000 
     10DC 0000 
     10DE 0000 
     10E0 0000 
     10E2 0000 
     10E4 0000 
     10E6 0000 
     10E8 0000 
     10EA 0000 
     10EC 0000 
     10EE 0000 
     10F0 0000 
     10F2 0000 
     10F4 0000 
     10F6 0000 
     10F8 0000 
     10FA 0000 
     10FC 0000 
     10FE 0000 
     1100 0000 
     1102 0000 
     1104 0000 
     1106 0000 
     1108 0000 
     110A 0000 
     110C 0000 
     110E 0000 
     1110 0000 
     1112 0000 
     1114 0000 
     1116 0000 
     1118 0000 
     111A 0000 
     111C 0000 
     111E 0000 
     1120 0000 
     1122 0000 
     1124 0000 
     1126 0000 
     1128 0000 
     112A 0000 
     112C 0000 
     112E 0000 
     1130 0000 
     1132 0000 
     1134 0000 
     1136 0000 
     1138 0000 
     113A 0000 
     113C 0000 
     113E 0000 
     1140 1717 
     1142 1717 
     1144 1717 
     1146 1717 
     1148 1717 
     114A 1717 
     114C 0603 
     114E 010B 
     1150 0C0D 
     1152 0F04 
     1154 020D 
     1156 080E 
     1158 0509 
     115A 0A06 
     115C 2727 
     115E 2222 
     1160 0000 
     1162 0000 
     1164 0000 
     1166 0000 
     1168 0000 
     116A 0000 
     116C 0000 
     116E 0000 
     1170 0000 
     1172 0000 
     1174 0000 
     1176 0000 
     1178 0000 
     117A 0000 
     117C 0000 
     117E 0000 
     1180 0000 
     1182 0000 
     1184 0000 
     1186 0000 
     1188 0000 
     118A 0000 
     118C 0000 
     118E 0000 
     1190 0000 
     1192 0000 
     1194 0000 
     1196 0000 
     1198 0000 
     119A 0000 
     119C 0000 
     119E 0000 
     11A0 0000 
     11A2 0000 
     11A4 0000 
     11A6 0000 
     11A8 0000 
     11AA 0000 
     11AC 0000 
     11AE 0000 
     11B0 0000 
     11B2 0000 
     11B4 0000 
     11B6 0000 
     11B8 0000 
     11BA 0000 
     11BC 0000 
     11BE 0000 
     11C0 0000 
     11C2 0000 
     11C4 0000 
     11C6 0000 
     11C8 0000 
     11CA 0000 
     11CC 0000 
     11CE 0000 
     11D0 0000 
     11D2 0000 
     11D4 0000 
     11D6 0000 
     11D8 0000 
     11DA 0000 
     11DC 0000 
     11DE 0000 
     11E0 0000 
     11E2 0000 
     11E4 0000 
     11E6 0000 
     11E8 0000 
     11EA 0000 
     11EC 0000 
     11EE 0000 
     11F0 0000 
     11F2 0000 
     11F4 0000 
     11F6 0000 
     11F8 0000 
     11FA 0000 
     11FC 0000 
     11FE 0000 
     1200 0000 
     1202 0000 
     1204 0000 
     1206 0000 
     1208 0000 
     120A 0000 
     120C 0000 
     120E 0000 
     1210 0000 
     1212 0000 
     1214 0000 
     1216 0000 
     1218 0000 
     121A 0000 
     121C 0000 
     121E 0000 
     1220 0000 
     1222 0000 
     1224 0000 
     1226 0000 
     1228 0000 
     122A 0000 
     122C 0000 
     122E 0000 
     1230 0000 
     1232 0000 
     1234 0000 
     1236 0000 
     1238 0000 
     123A 0000 
     123C 0000 
     123E 0000 
     1240 0000 
     1242 0000 
     1244 0000 
     1246 0000 
     1248 0000 
     124A 0000 
     124C 0000 
     124E 0000 
     1250 0000 
     1252 0000 
     1254 0000 
     1256 0000 
     1258 0000 
     125A 0000 
     125C 0000 
     125E 0000 
     1260 0000 
     1262 0000 
     1264 0000 
     1266 0000 
     1268 0000 
     126A 0000 
     126C 0000 
     126E 0000 
     1270 0000 
     1272 0000 
     1274 0000 
     1276 0000 
     1278 0000 
     127A 0000 
     127C 0000 
     127E 0000 
     1280 0000 
     1282 0000 
     1284 0000 
     1286 0000 
     1288 0000 
     128A 0000 
     128C 0000 
     128E 0000 
     1290 0000 
     1292 0000 
     1294 0000 
     1296 0000 
     1298 0000 
     129A 0000 
     129C 0000 
     129E 0000 
     12A0 0000 
     12A2 0000 
     12A4 0000 
     12A6 0000 
     12A8 0000 
     12AA 0000 
     12AC 0000 
     12AE 0000 
     12B0 0000 
     12B2 0000 
     12B4 0000 
     12B6 0000 
     12B8 0000 
     12BA 0000 
     12BC 0000 
     12BE 0000 
     12C0 0000 
     12C2 0000 
     12C4 0000 
     12C6 0000 
     12C8 0000 
     12CA 0000 
     12CC 0000 
     12CE 0000 
     12D0 0000 
     12D2 0000 
     12D4 0000 
     12D6 0000 
     12D8 0000 
     12DA 0000 
     12DC 0000 
     12DE 0000 
     12E0 0000 
     12E2 0000 
     12E4 0000 
     12E6 0000 
     12E8 0000 
     12EA 0000 
     12EC 0000 
     12EE 0000 
     12F0 0000 
     12F2 0000 
     12F4 0000 
     12F6 0000 
     12F8 0000 
     12FA 0000 
     12FC 0000 
     12FE 0000 
     1300 0000 
     1302 0000 
     1304 0000 
     1306 0000 
     1308 0000 
     130A 0000 
     130C 0000 
     130E 0000 
     1310 0000 
     1312 0000 
     1314 0000 
     1316 0000 
     1318 0000 
     131A 0000 
     131C 0000 
     131E 0000 
     1320 0000 
     1322 0000 
     1324 0000 
     1326 0000 
     1328 0000 
     132A 0000 
     132C 0000 
     132E 0000 
     1330 0000 
     1332 0000 
     1334 0000 
     1336 0000 
     1338 0000 
     133A 0000 
     133C 0000 
     133E 0000 
     1340 0000 
     1342 0000 
     1344 0000 
     1346 0000 
     1348 0000 
     134A 0000 
     134C 0000 
     134E 0000 
     1350 0000 
     1352 0000 
     1354 0000 
     1356 0000 
     1358 0000 
     135A 0000 
     135C 0000 
     135E 0000 
     1360 0000 
     1362 0000 
     1364 0000 
     1366 0000 
     1368 0000 
     136A 0000 
     136C 0000 
     136E 0000 
     1370 0000 
     1372 0000 
     1374 0000 
     1376 0000 
     1378 0000 
     137A 0000 
     137C 0000 
     137E 0000 
     1380 0000 
     1382 0000 
     1384 0000 
     1386 0000 
     1388 0000 
     138A 0000 
     138C 0000 
     138E 0000 
     1390 0000 
     1392 0000 
     1394 0000 
     1396 0000 
     1398 0000 
     139A 0000 
     139C 0000 
     139E 0000 
     13A0 0000 
     13A2 0000 
     13A4 0000 
     13A6 0000 
     13A8 0000 
     13AA 0000 
     13AC 0000 
     13AE 0000 
     13B0 0000 
     13B2 0000 
     13B4 0000 
     13B6 0000 
     13B8 0000 
     13BA 0000 
     13BC 0000 
     13BE 0000 
     13C0 0000 
     13C2 0000 
     13C4 0000 
     13C6 0000 
     13C8 0000 
     13CA 0000 
     13CC 0000 
     13CE 0000 
     13D0 0000 
     13D2 0000 
     13D4 0000 
     13D6 0000 
     13D8 0000 
     13DA 0000 
     13DC 0000 
     13DE 0000 
     13E0 0000 
     13E2 0000 
     13E4 0000 
     13E6 0000 
     13E8 0000 
     13EA 0000 
     13EC 0000 
     13EE 0000 
     13F0 0000 
     13F2 0000 
     13F4 0000 
     13F6 0000 
     13F8 0000 
     13FA 0000 
     13FC 0000 
     13FE 0000 
     1400 0000 
     1402 0000 
     1404 0000 
     1406 0000 
     1408 0000 
     140A 0000 
     140C 0000 
     140E 0000 
     1410 0000 
     1412 0000 
     1414 0000 
     1416 0000 
     1418 0000 
     141A 0000 
     141C 0000 
     141E 0000 
     1420 0000 
     1422 0000 
     1424 0000 
     1426 0000 
     1428 0000 
     142A 0000 
     142C 0000 
     142E 0000 
     1430 0000 
     1432 0000 
     1434 0000 
     1436 0000 
     1438 0000 
     143A 0000 
     143C 0000 
     143E 0000 
     1440 0000 
     1442 0000 
     1444 0000 
     1446 0000 
     1448 0000 
     144A 0000 
     144C 0000 
     144E 0000 
     1450 0000 
     1452 0000 
     1454 0000 
     1456 0000 
     1458 0000 
     145A 0000 
     145C 0000 
     145E 0000 
     1460 0000 
     1462 0000 
     1464 0000 
     1466 0000 
     1468 0000 
     146A 0000 
     146C 0000 
     146E 0000 
     1470 0000 
     1472 0000 
     1474 0000 
     1476 0000 
     1478 0000 
     147A 0000 
     147C 0000 
     147E 0000 
     1480 0000 
     1482 0000 
     1484 0000 
     1486 0000 
     1488 0000 
     148A 0000 
     148C 0000 
     148E 0000 
     1490 0000 
     1492 0000 
     1494 0000 
     1496 0000 
     1498 0000 
     149A 0000 
     149C 0000 
     149E 0000 
     14A0 0000 
     14A2 0000 
     14A4 0000 
     14A6 0000 
     14A8 0000 
     14AA 0000 
     14AC 0000 
     14AE 0000 
     14B0 0000 
     14B2 0000 
     14B4 0000 
     14B6 0000 
     14B8 0000 
     14BA 0000 
     14BC 0000 
     14BE 0000 
     14C0 0000 
     14C2 0000 
     14C4 0000 
     14C6 0000 
     14C8 0000 
     14CA 0000 
     14CC 0000 
     14CE 0000 
     14D0 0000 
     14D2 0000 
     14D4 0000 
     14D6 0000 
     14D8 0000 
     14DA 0000 
     14DC 0000 
     14DE 0000 
     14E0 0000 
     14E2 0000 
     14E4 0000 
     14E6 0000 
     14E8 0000 
     14EA 0000 
     14EC 0000 
     14EE 0000 
     14F0 0000 
     14F2 0000 
     14F4 0000 
     14F6 0000 
     14F8 0000 
     14FA 0000 
     14FC 0000 
     14FE 0000 
     1500 0000 
     1502 0000 
     1504 0000 
     1506 0000 
     1508 0000 
     150A 0000 
     150C 0000 
     150E 0000 
     1510 0000 
     1512 0000 
     1514 0000 
     1516 0000 
     1518 0000 
     151A 0000 
     151C 0000 
     151E 0000 
     1520 0000 
     1522 0000 
     1524 0000 
     1526 0000 
     1528 0000 
     152A 0000 
     152C 0000 
     152E 0000 
     1530 0000 
     1532 0000 
     1534 0000 
     1536 0000 
     1538 0000 
     153A 0000 
     153C 0000 
     153E 0000 
     1540 0000 
     1542 0000 
     1544 0000 
     1546 0000 
     1548 0000 
     154A 0000 
     154C 0000 
     154E 0000 
     1550 0000 
     1552 0000 
     1554 0000 
     1556 0000 
     1558 0000 
     155A 0000 
     155C 0000 
     155E 0000 
     1560 0000 
     1562 0000 
     1564 0000 
     1566 0000 
     1568 0000 
     156A 0000 
     156C 0000 
     156E 0000 
     1570 0000 
     1572 0000 
     1574 0000 
     1576 0000 
     1578 0000 
     157A 0000 
     157C 0000 
     157E 0000 
     1580 0000 
     1582 0000 
     1584 0000 
     1586 0000 
     1588 0000 
     158A 0000 
     158C 0000 
     158E 0000 
     1590 0000 
     1592 0000 
     1594 0000 
     1596 0000 
     1598 0000 
     159A 0000 
     159C 0000 
     159E 0000 
     15A0 0000 
     15A2 0000 
     15A4 0000 
     15A6 0000 
     15A8 0000 
     15AA 0000 
     15AC 0000 
     15AE 0000 
     15B0 0000 
     15B2 0000 
     15B4 0000 
     15B6 0000 
     15B8 0000 
     15BA 0000 
     15BC 0000 
     15BE 0000 
     15C0 0000 
     15C2 0000 
     15C4 0000 
     15C6 0000 
     15C8 0103 
     15CA 0303 
     15CC 0303 
     15CE 0303 
     15D0 FC04 
     15D2 0505 
     15D4 0406 
     15D6 020C 
     15D8 0080 
     15DA 4040 
     15DC 8000 
     15DE 0C12 
     15E0 FF80 
     15E2 C040 
     15E4 6038 
     15E6 1C0E 
     15E8 1921 
     15EA 213D 
     15EC 0505 
     15EE 05C4 
     15F0 BA8A 
     15F2 8ABA 
     15F4 A1A1 
     15F6 A122 
     15F8 0301 
     15FA 0000 
     15FC 0000 
     15FE 0000 
     1600 E231 
     1602 1018 
     1604 0C07 
     1606 0300 
     1608 4C90 
     160A 2040 
     160C 4020 
     160E E000 
     1610 3C42 
     1612 99A1 
     1614 A199 
     1616 423C 
     1618 0000 
     161A 0000 
     161C 0000 
     161E 0000 
     1620 0000 
     1622 0000 
     1624 0000 
     1626 0000 
     1628 0000 
     162A 0000 
     162C 0000 
     162E 0000 
     1630 0000 
     1632 0000 
     1634 0000 
     1636 0000 
     1638 0000 
     163A 0000 
     163C 0000 
     163E 0000 
     1640 0000 
     1642 0000 
     1644 0000 
     1646 0000 
     1648 0000 
     164A 0000 
     164C 0000 
     164E 0000 
     1650 0000 
     1652 0000 
     1654 0000 
     1656 0000 
     1658 0000 
     165A 0000 
     165C 0000 
     165E 0000 
     1660 0000 
     1662 0000 
     1664 0000 
     1666 0000 
     1668 0000 
     166A 0000 
     166C 0000 
     166E 0000 
     1670 0000 
     1672 0000 
     1674 0000 
     1676 0000 
     1678 0000 
     167A 0000 
     167C 0000 
     167E 0000 
     1680 0000 
     1682 0000 
     1684 0000 
     1686 0000 
     1688 0000 
     168A 0000 
     168C 0000 
     168E 0000 
     1690 0000 
     1692 0000 
     1694 0000 
     1696 0000 
     1698 0000 
     169A 0000 
     169C 0000 
     169E 0000 
     16A0 0000 
     16A2 0000 
     16A4 0000 
     16A6 0000 
     16A8 0000 
     16AA 0000 
     16AC 0000 
     16AE 0000 
     16B0 0000 
     16B2 0000 
     16B4 0000 
     16B6 0000 
     16B8 0000 
     16BA 0000 
     16BC 0000 
     16BE 0000 
     16C0 0000 
     16C2 0000 
     16C4 0000 
     16C6 0000 
     16C8 2020 
     16CA 2020 
     16CC 2020 
     16CE 0020 
     16D0 4848 
     16D2 4800 
     16D4 0000 
     16D6 0000 
     16D8 0048 
     16DA FC48 
     16DC 48FC 
     16DE 4800 
     16E0 103C 
     16E2 5038 
     16E4 1478 
     16E6 1000 
     16E8 C0C4 
     16EA 0810 
     16EC 2040 
     16EE 8C0C 
     16F0 6090 
     16F2 9060 
     16F4 6094 
     16F6 8874 
     16F8 0810 
     16FA 2000 
     16FC 0000 
     16FE 0000 
     1700 0810 
     1702 2020 
     1704 2020 
     1706 1008 
     1708 4020 
     170A 1010 
     170C 1010 
     170E 2040 
     1710 0000 
     1712 4830 
     1714 CC30 
     1716 4800 
     1718 0000 
     171A 1010 
     171C 7C10 
     171E 1000 
     1720 0000 
     1722 0000 
     1724 0030 
     1726 1020 
     1728 0000 
     172A 0000 
     172C 7C00 
     172E 0000 
     1730 0000 
     1732 0000 
     1734 0000 
     1736 3030 
     1738 0004 
     173A 0810 
     173C 2040 
     173E 8000 
     1740 3844 
     1742 4444 
     1744 4444 
     1746 4438 
     1748 1030 
     174A 5010 
     174C 1010 
     174E 107C 
     1750 7884 
     1752 0408 
     1754 1020 
     1756 40FC 
     1758 7884 
     175A 0438 
     175C 0404 
     175E 8478 
     1760 0C14 
     1762 2444 
     1764 84FC 
     1766 0404 
     1768 F880 
     176A 80F8 
     176C 0404 
     176E 8478 
     1770 7880 
     1772 80F8 
     1774 8484 
     1776 8478 
     1778 FC04 
     177A 0408 
     177C 1020 
     177E 4040 
     1780 7884 
     1782 8478 
     1784 8484 
     1786 8478 
     1788 7884 
     178A 8484 
     178C 7C04 
     178E 0478 
     1790 0030 
     1792 3000 
     1794 0030 
     1796 3000 
     1798 0030 
     179A 3000 
     179C 0030 
     179E 1020 
     17A0 0008 
     17A2 1020 
     17A4 4020 
     17A6 1008 
     17A8 0000 
     17AA 007C 
     17AC 007C 
     17AE 0000 
     17B0 0040 
     17B2 2010 
     17B4 0810 
     17B6 2040 
     17B8 3844 
     17BA 0408 
     17BC 1010 
     17BE 0010 
     17C0 0078 
     17C2 849C 
     17C4 A498 
     17C6 807C 
     17C8 7884 
     17CA 8484 
     17CC FC84 
     17CE 8484 
     17D0 F844 
     17D2 4478 
     17D4 4444 
     17D6 44F8 
     17D8 7884 
     17DA 8080 
     17DC 8080 
     17DE 8478 
     17E0 F844 
     17E2 4444 
     17E4 4444 
     17E6 44F8 
     17E8 FC80 
     17EA 80F0 
     17EC 8080 
     17EE 80FC 
     17F0 FC80 
     17F2 80F0 
     17F4 8080 
     17F6 8080 
     17F8 7884 
     17FA 8080 
     17FC 9C84 
     17FE 8478 
     1800 8484 
     1802 84FC 
     1804 8484 
     1806 8484 
     1808 7C10 
     180A 1010 
     180C 1010 
     180E 107C 
     1810 0404 
     1812 0404 
     1814 0484 
     1816 8478 
     1818 8890 
     181A A0C0 
     181C A090 
     181E 8884 
     1820 4040 
     1822 4040 
     1824 4040 
     1826 407C 
     1828 84CC 
     182A B484 
     182C 8484 
     182E 8484 
     1830 84C4 
     1832 A494 
     1834 8C84 
     1836 8484 
     1838 FC84 
     183A 8484 
     183C 8484 
     183E 84FC 
     1840 F884 
     1842 8484 
     1844 F880 
     1846 8080 
     1848 7884 
     184A 8484 
     184C 8494 
     184E 8874 
     1850 F884 
     1852 8484 
     1854 F890 
     1856 8884 
     1858 7884 
     185A 8078 
     185C 0404 
     185E 8478 
     1860 7C10 
     1862 1010 
     1864 1010 
     1866 1010 
     1868 8484 
     186A 8484 
     186C 8484 
     186E 8478 
     1870 4444 
     1872 4444 
     1874 2828 
     1876 1010 
     1878 8484 
     187A 8484 
     187C 84B4 
     187E CC84 
     1880 8484 
     1882 4830 
     1884 3048 
     1886 8484 
     1888 4444 
     188A 4428 
     188C 1010 
     188E 1010 
     1890 FC04 
     1892 0810 
     1894 2040 
     1896 80FC 
     1898 3820 
     189A 2020 
     189C 2020 
     189E 2038 
     18A0 0080 
     18A2 4020 
     18A4 1008 
     18A6 0400 
     18A8 7010 
     18AA 1010 
     18AC 1010 
     18AE 1070 
     18B0 1028 
     18B2 4482 
     18B4 0000 
     18B6 0000 
     18B8 0000 
     18BA 0000 
     18BC 0000 
     18BE 00FC 
     18C0 0000 
     18C2 0000 
     18C4 0000 
     18C6 0000 
     18C8 0000 
     18CA 0000 
     18CC 0000 
     18CE 0000 
0653               DUMPEND
0654 18D0 ....     TMS99105  TEXT  'TMS99105 AND FPGA AT WORK! '
0655                     BYTE 0
0656                     EVEN
0657 18EC ....     SPACES  TEXT '  '
0658 18EE 0047             BYTE 0
0659 18EF ....     GTT		TEXT 'GROM CHECKSUM TEST:'
0660 1902 0A0D     			BYTE 10,13,0
     1904 0043 
0661 1905 ....     CRU0STR TEXT 'CRU FROM 0: '
0662                     BYTE 0
0663                     EVEN
0664               GROMTESTS
0665 1912 ....           TEXT 'GROM READ TEST:1234>'
0666 1926 0000           BYTE  0
0667                     EVEN
0668               
0669               SLAST  END  BOOT
